{"C:\\Users\\Lenovo\\Desktop\\sesion13\\sesion13\\sesion13\\routes.js": {"path":"C:\\Users\\Lenovo\\Desktop\\sesion13\\sesion13\\sesion13\\routes.js","statementMap":{"0":{"start":{"line":4,"column":14},"end":{"line":4,"column":31}},"1":{"start":{"line":7,"column":0},"end":{"line":7,"column":37}},"2":{"start":{"line":8,"column":0},"end":{"line":8,"column":41}}},"fnMap":{},"branchMap":{},"s":{"0":2,"1":2,"2":2},"f":{},"b":{},"inputSourceMap":null,"_coverageSchema":"1a1c01bbd47fc00a2c39e90264f33305004495a9","hash":"470ec2ccc4b83088e08ba9ad463f6f5363a08694"}
,"C:\\Users\\Lenovo\\Desktop\\sesion13\\sesion13\\sesion13\\config\\auth.js": {"path":"C:\\Users\\Lenovo\\Desktop\\sesion13\\sesion13\\sesion13\\config\\auth.js","statementMap":{"0":{"start":{"line":6,"column":15},"end":{"line":6,"column":53}},"1":{"start":{"line":7,"column":23},"end":{"line":7,"column":77}},"2":{"start":{"line":8,"column":19},"end":{"line":8,"column":53}},"3":{"start":{"line":9,"column":27},"end":{"line":9,"column":69}},"4":{"start":{"line":13,"column":19},"end":{"line":13,"column":61}},"5":{"start":{"line":14,"column":16},"end":{"line":14,"column":64}},"6":{"start":{"line":16,"column":21},"end":{"line":16,"column":53}},"7":{"start":{"line":16,"column":28},"end":{"line":16,"column":53}},"8":{"start":{"line":17,"column":21},"end":{"line":17,"column":53}},"9":{"start":{"line":17,"column":28},"end":{"line":17,"column":53}},"10":{"start":{"line":20,"column":29},"end":{"line":21,"column":54}},"11":{"start":{"line":21,"column":2},"end":{"line":21,"column":54}},"12":{"start":{"line":23,"column":36},"end":{"line":24,"column":70}},"13":{"start":{"line":24,"column":2},"end":{"line":24,"column":70}},"14":{"start":{"line":26,"column":34},"end":{"line":26,"column":78}},"15":{"start":{"line":26,"column":45},"end":{"line":26,"column":78}},"16":{"start":{"line":30,"column":38},"end":{"line":37,"column":1}},"17":{"start":{"line":31,"column":14},"end":{"line":31,"column":73}},"18":{"start":{"line":32,"column":18},"end":{"line":32,"column":35}},"19":{"start":{"line":33,"column":14},"end":{"line":35,"column":21}},"20":{"start":{"line":36,"column":2},"end":{"line":36,"column":13}},"21":{"start":{"line":39,"column":45},"end":{"line":48,"column":1}},"22":{"start":{"line":40,"column":14},"end":{"line":42,"column":4}},"23":{"start":{"line":43,"column":18},"end":{"line":43,"column":35}},"24":{"start":{"line":44,"column":14},"end":{"line":46,"column":21}},"25":{"start":{"line":47,"column":2},"end":{"line":47,"column":13}},"26":{"start":{"line":50,"column":46},"end":{"line":54,"column":1}},"27":{"start":{"line":51,"column":24},"end":{"line":51,"column":58}},"28":{"start":{"line":52,"column":16},"end":{"line":52,"column":51}},"29":{"start":{"line":53,"column":2},"end":{"line":53,"column":35}},"30":{"start":{"line":56,"column":48},"end":{"line":60,"column":1}},"31":{"start":{"line":57,"column":24},"end":{"line":57,"column":58}},"32":{"start":{"line":58,"column":16},"end":{"line":58,"column":51}},"33":{"start":{"line":59,"column":2},"end":{"line":59,"column":43}},"34":{"start":{"line":63,"column":29},"end":{"line":84,"column":1}},"35":{"start":{"line":64,"column":2},"end":{"line":83,"column":3}},"36":{"start":{"line":65,"column":19},"end":{"line":65,"column":50}},"37":{"start":{"line":66,"column":18},"end":{"line":66,"column":71}},"38":{"start":{"line":67,"column":4},"end":{"line":67,"column":74}},"39":{"start":{"line":67,"column":16},"end":{"line":67,"column":74}},"40":{"start":{"line":70,"column":4},"end":{"line":76,"column":5}},"41":{"start":{"line":71,"column":6},"end":{"line":71,"column":60}},"42":{"start":{"line":72,"column":11},"end":{"line":76,"column":5}},"43":{"start":{"line":73,"column":6},"end":{"line":73,"column":42}},"44":{"start":{"line":75,"column":6},"end":{"line":75,"column":74}},"45":{"start":{"line":77,"column":4},"end":{"line":77,"column":23}},"46":{"start":{"line":78,"column":4},"end":{"line":78,"column":18}},"47":{"start":{"line":80,"column":4},"end":{"line":82,"column":34}}},"fnMap":{"0":{"name":"(anonymous_0)","decl":{"start":{"line":16,"column":21},"end":{"line":16,"column":22}},"loc":{"start":{"line":16,"column":28},"end":{"line":16,"column":53}},"line":16},"1":{"name":"(anonymous_1)","decl":{"start":{"line":17,"column":21},"end":{"line":17,"column":22}},"loc":{"start":{"line":17,"column":28},"end":{"line":17,"column":53}},"line":17},"2":{"name":"(anonymous_2)","decl":{"start":{"line":20,"column":29},"end":{"line":20,"column":30}},"loc":{"start":{"line":21,"column":2},"end":{"line":21,"column":54}},"line":21},"3":{"name":"(anonymous_3)","decl":{"start":{"line":23,"column":36},"end":{"line":23,"column":37}},"loc":{"start":{"line":24,"column":2},"end":{"line":24,"column":70}},"line":24},"4":{"name":"(anonymous_4)","decl":{"start":{"line":26,"column":34},"end":{"line":26,"column":35}},"loc":{"start":{"line":26,"column":45},"end":{"line":26,"column":78}},"line":26},"5":{"name":"(anonymous_5)","decl":{"start":{"line":30,"column":38},"end":{"line":30,"column":39}},"loc":{"start":{"line":30,"column":71},"end":{"line":37,"column":1}},"line":30},"6":{"name":"(anonymous_6)","decl":{"start":{"line":39,"column":45},"end":{"line":39,"column":46}},"loc":{"start":{"line":39,"column":78},"end":{"line":48,"column":1}},"line":39},"7":{"name":"(anonymous_7)","decl":{"start":{"line":50,"column":46},"end":{"line":50,"column":47}},"loc":{"start":{"line":50,"column":61},"end":{"line":54,"column":1}},"line":50},"8":{"name":"(anonymous_8)","decl":{"start":{"line":56,"column":48},"end":{"line":56,"column":49}},"loc":{"start":{"line":56,"column":63},"end":{"line":60,"column":1}},"line":56},"9":{"name":"(anonymous_9)","decl":{"start":{"line":63,"column":29},"end":{"line":63,"column":30}},"loc":{"start":{"line":63,"column":55},"end":{"line":84,"column":1}},"line":63}},"branchMap":{"0":{"loc":{"start":{"line":6,"column":15},"end":{"line":6,"column":53}},"type":"binary-expr","locations":[{"start":{"line":6,"column":15},"end":{"line":6,"column":37}},{"start":{"line":6,"column":41},"end":{"line":6,"column":53}}],"line":6},"1":{"loc":{"start":{"line":7,"column":23},"end":{"line":7,"column":77}},"type":"binary-expr","locations":[{"start":{"line":7,"column":23},"end":{"line":7,"column":53}},{"start":{"line":7,"column":57},"end":{"line":7,"column":77}}],"line":7},"2":{"loc":{"start":{"line":8,"column":19},"end":{"line":8,"column":53}},"type":"binary-expr","locations":[{"start":{"line":8,"column":19},"end":{"line":8,"column":45}},{"start":{"line":8,"column":49},"end":{"line":8,"column":53}}],"line":8},"3":{"loc":{"start":{"line":9,"column":27},"end":{"line":9,"column":69}},"type":"binary-expr","locations":[{"start":{"line":9,"column":27},"end":{"line":9,"column":61}},{"start":{"line":9,"column":65},"end":{"line":9,"column":69}}],"line":9},"4":{"loc":{"start":{"line":13,"column":19},"end":{"line":13,"column":61}},"type":"binary-expr","locations":[{"start":{"line":13,"column":19},"end":{"line":13,"column":41}},{"start":{"line":13,"column":45},"end":{"line":13,"column":61}}],"line":13},"5":{"loc":{"start":{"line":30,"column":54},"end":{"line":30,"column":66}},"type":"default-arg","locations":[{"start":{"line":30,"column":64},"end":{"line":30,"column":66}}],"line":30},"6":{"loc":{"start":{"line":31,"column":53},"end":{"line":31,"column":70}},"type":"binary-expr","locations":[{"start":{"line":31,"column":53},"end":{"line":31,"column":56}},{"start":{"line":31,"column":60},"end":{"line":31,"column":70}}],"line":31},"7":{"loc":{"start":{"line":39,"column":61},"end":{"line":39,"column":73}},"type":"default-arg","locations":[{"start":{"line":39,"column":71},"end":{"line":39,"column":73}}],"line":39},"8":{"loc":{"start":{"line":41,"column":15},"end":{"line":41,"column":40}},"type":"binary-expr","locations":[{"start":{"line":41,"column":15},"end":{"line":41,"column":18}},{"start":{"line":41,"column":22},"end":{"line":41,"column":40}}],"line":41},"9":{"loc":{"start":{"line":65,"column":19},"end":{"line":65,"column":50}},"type":"binary-expr","locations":[{"start":{"line":65,"column":19},"end":{"line":65,"column":44}},{"start":{"line":65,"column":48},"end":{"line":65,"column":50}}],"line":65},"10":{"loc":{"start":{"line":66,"column":18},"end":{"line":66,"column":71}},"type":"cond-expr","locations":[{"start":{"line":66,"column":49},"end":{"line":66,"column":64}},{"start":{"line":66,"column":67},"end":{"line":66,"column":71}}],"line":66},"11":{"loc":{"start":{"line":67,"column":4},"end":{"line":67,"column":74}},"type":"if","locations":[{"start":{"line":67,"column":4},"end":{"line":67,"column":74}},{"start":{},"end":{}}],"line":67},"12":{"loc":{"start":{"line":70,"column":4},"end":{"line":76,"column":5}},"type":"if","locations":[{"start":{"line":70,"column":4},"end":{"line":76,"column":5}},{"start":{"line":72,"column":11},"end":{"line":76,"column":5}}],"line":70},"13":{"loc":{"start":{"line":72,"column":11},"end":{"line":76,"column":5}},"type":"if","locations":[{"start":{"line":72,"column":11},"end":{"line":76,"column":5}},{"start":{"line":74,"column":11},"end":{"line":76,"column":5}}],"line":72},"14":{"loc":{"start":{"line":81,"column":14},"end":{"line":81,"column":56}},"type":"cond-expr","locations":[{"start":{"line":81,"column":47},"end":{"line":81,"column":50}},{"start":{"line":81,"column":53},"end":{"line":81,"column":56}}],"line":81}},"s":{"0":3,"1":3,"2":3,"3":3,"4":3,"5":3,"6":3,"7":0,"8":3,"9":0,"10":3,"11":2,"12":3,"13":1,"14":3,"15":0,"16":3,"17":0,"18":0,"19":0,"20":0,"21":3,"22":0,"23":0,"24":0,"25":0,"26":3,"27":0,"28":0,"29":0,"30":3,"31":0,"32":0,"33":0,"34":3,"35":0,"36":0,"37":0,"38":0,"39":0,"40":0,"41":0,"42":0,"43":0,"44":0,"45":0,"46":0,"47":0},"f":{"0":0,"1":0,"2":2,"3":1,"4":0,"5":0,"6":0,"7":0,"8":0,"9":0},"b":{"0":[3,3],"1":[3,3],"2":[3,3],"3":[3,3],"4":[3,3],"5":[0],"6":[0,0],"7":[0],"8":[0,0],"9":[0,0],"10":[0,0],"11":[0,0],"12":[0,0],"13":[0,0],"14":[0,0]},"inputSourceMap":null,"_coverageSchema":"1a1c01bbd47fc00a2c39e90264f33305004495a9","hash":"4ffc4df35b31f3614424e57b431226ac407fb7ba"}
,"C:\\Users\\Lenovo\\Desktop\\sesion13\\sesion13\\sesion13\\config\\cors.js": {"path":"C:\\Users\\Lenovo\\Desktop\\sesion13\\sesion13\\sesion13\\config\\cors.js","statementMap":{"0":{"start":{"line":4,"column":0},"end":{"line":4,"column":35}},"1":{"start":{"line":5,"column":20},"end":{"line":10,"column":1}}},"fnMap":{},"branchMap":{},"s":{"0":2,"1":2},"f":{},"b":{},"inputSourceMap":null,"_coverageSchema":"1a1c01bbd47fc00a2c39e90264f33305004495a9","hash":"111f791505c3d7c13f9d283a19b31706463078ce"}
,"C:\\Users\\Lenovo\\Desktop\\sesion13\\sesion13\\sesion13\\config\\mongoose.js": {"path":"C:\\Users\\Lenovo\\Desktop\\sesion13\\sesion13\\sesion13\\config\\mongoose.js","statementMap":{"0":{"start":{"line":2,"column":0},"end":{"line":2,"column":35}},"1":{"start":{"line":3,"column":20},"end":{"line":3,"column":81}},"2":{"start":{"line":4,"column":18},"end":{"line":4,"column":23}},"3":{"start":{"line":7,"column":2},"end":{"line":7,"column":36}},"4":{"start":{"line":7,"column":19},"end":{"line":7,"column":36}},"5":{"start":{"line":8,"column":2},"end":{"line":8,"column":31}},"6":{"start":{"line":9,"column":2},"end":{"line":9,"column":21}},"7":{"start":{"line":10,"column":2},"end":{"line":10,"column":19}},"8":{"start":{"line":14,"column":2},"end":{"line":14,"column":27}},"9":{"start":{"line":14,"column":20},"end":{"line":14,"column":27}},"10":{"start":{"line":15,"column":2},"end":{"line":15,"column":37}},"11":{"start":{"line":16,"column":2},"end":{"line":16,"column":22}},"12":{"start":{"line":19,"column":0},"end":{"line":19,"column":78}},"13":{"start":{"line":19,"column":43},"end":{"line":19,"column":76}},"14":{"start":{"line":20,"column":0},"end":{"line":20,"column":84}},"15":{"start":{"line":20,"column":42},"end":{"line":20,"column":82}},"16":{"start":{"line":21,"column":0},"end":{"line":21,"column":84}},"17":{"start":{"line":21,"column":46},"end":{"line":21,"column":82}},"18":{"start":{"line":24,"column":0},"end":{"line":26,"column":1}},"19":{"start":{"line":25,"column":2},"end":{"line":25,"column":80}},"20":{"start":{"line":25,"column":23},"end":{"line":25,"column":57}}},"fnMap":{"0":{"name":"connect","decl":{"start":{"line":6,"column":22},"end":{"line":6,"column":29}},"loc":{"start":{"line":6,"column":49},"end":{"line":11,"column":1}},"line":6},"1":{"name":"disconnect","decl":{"start":{"line":13,"column":22},"end":{"line":13,"column":32}},"loc":{"start":{"line":13,"column":35},"end":{"line":17,"column":1}},"line":13},"2":{"name":"(anonymous_2)","decl":{"start":{"line":19,"column":37},"end":{"line":19,"column":38}},"loc":{"start":{"line":19,"column":43},"end":{"line":19,"column":76}},"line":19},"3":{"name":"(anonymous_3)","decl":{"start":{"line":20,"column":33},"end":{"line":20,"column":34}},"loc":{"start":{"line":20,"column":42},"end":{"line":20,"column":82}},"line":20},"4":{"name":"(anonymous_4)","decl":{"start":{"line":21,"column":40},"end":{"line":21,"column":41}},"loc":{"start":{"line":21,"column":46},"end":{"line":21,"column":82}},"line":21},"5":{"name":"(anonymous_5)","decl":{"start":{"line":25,"column":17},"end":{"line":25,"column":18}},"loc":{"start":{"line":25,"column":23},"end":{"line":25,"column":57}},"line":25}},"branchMap":{"0":{"loc":{"start":{"line":3,"column":20},"end":{"line":3,"column":81}},"type":"binary-expr","locations":[{"start":{"line":3,"column":20},"end":{"line":3,"column":41}},{"start":{"line":3,"column":45},"end":{"line":3,"column":81}}],"line":3},"1":{"loc":{"start":{"line":6,"column":30},"end":{"line":6,"column":47}},"type":"default-arg","locations":[{"start":{"line":6,"column":36},"end":{"line":6,"column":47}}],"line":6},"2":{"loc":{"start":{"line":7,"column":2},"end":{"line":7,"column":36}},"type":"if","locations":[{"start":{"line":7,"column":2},"end":{"line":7,"column":36}},{"start":{},"end":{}}],"line":7},"3":{"loc":{"start":{"line":14,"column":2},"end":{"line":14,"column":27}},"type":"if","locations":[{"start":{"line":14,"column":2},"end":{"line":14,"column":27}},{"start":{},"end":{}}],"line":14},"4":{"loc":{"start":{"line":24,"column":0},"end":{"line":26,"column":1}},"type":"if","locations":[{"start":{"line":24,"column":0},"end":{"line":26,"column":1}},{"start":{},"end":{}}],"line":24}},"s":{"0":5,"1":5,"2":5,"3":2,"4":0,"5":2,"6":2,"7":2,"8":2,"9":0,"10":2,"11":2,"12":5,"13":3,"14":5,"15":0,"16":5,"17":4,"18":5,"19":0,"20":0},"f":{"0":2,"1":2,"2":3,"3":0,"4":4,"5":0},"b":{"0":[5,5],"1":[0],"2":[0,2],"3":[0,2],"4":[0,5]},"inputSourceMap":null,"_coverageSchema":"1a1c01bbd47fc00a2c39e90264f33305004495a9","hash":"7aca7dc1ce53b5ac3f8369360bead04b628b05ed"}
,"C:\\Users\\Lenovo\\Desktop\\sesion13\\sesion13\\sesion13\\controllers\\producto.controller.js": {"path":"C:\\Users\\Lenovo\\Desktop\\sesion13\\sesion13\\sesion13\\controllers\\producto.controller.js","statementMap":{"0":{"start":{"line":3,"column":23},"end":{"line":12,"column":1}},"1":{"start":{"line":4,"column":2},"end":{"line":11,"column":3}},"2":{"start":{"line":5,"column":26},"end":{"line":5,"column":35}},"3":{"start":{"line":6,"column":17},"end":{"line":6,"column":50}},"4":{"start":{"line":7,"column":4},"end":{"line":7,"column":25}},"5":{"start":{"line":9,"column":4},"end":{"line":9,"column":21}},"6":{"start":{"line":10,"column":4},"end":{"line":10,"column":66}},"7":{"start":{"line":14,"column":26},"end":{"line":22,"column":1}},"8":{"start":{"line":15,"column":2},"end":{"line":21,"column":3}},"9":{"start":{"line":16,"column":17},"end":{"line":16,"column":48}},"10":{"start":{"line":17,"column":4},"end":{"line":17,"column":25}},"11":{"start":{"line":19,"column":4},"end":{"line":19,"column":21}},"12":{"start":{"line":20,"column":4},"end":{"line":20,"column":67}}},"fnMap":{"0":{"name":"(anonymous_0)","decl":{"start":{"line":3,"column":23},"end":{"line":3,"column":24}},"loc":{"start":{"line":3,"column":43},"end":{"line":12,"column":1}},"line":3},"1":{"name":"(anonymous_1)","decl":{"start":{"line":14,"column":26},"end":{"line":14,"column":27}},"loc":{"start":{"line":14,"column":46},"end":{"line":22,"column":1}},"line":14}},"branchMap":{"0":{"loc":{"start":{"line":7,"column":13},"end":{"line":7,"column":23}},"type":"binary-expr","locations":[{"start":{"line":7,"column":13},"end":{"line":7,"column":17}},{"start":{"line":7,"column":21},"end":{"line":7,"column":23}}],"line":7},"1":{"loc":{"start":{"line":17,"column":13},"end":{"line":17,"column":23}},"type":"binary-expr","locations":[{"start":{"line":17,"column":13},"end":{"line":17,"column":17}},{"start":{"line":17,"column":21},"end":{"line":17,"column":23}}],"line":17}},"s":{"0":2,"1":2,"2":2,"3":2,"4":1,"5":1,"6":1,"7":2,"8":1,"9":1,"10":1,"11":0,"12":0},"f":{"0":2,"1":1},"b":{"0":[1,0],"1":[1,0]},"inputSourceMap":null,"_coverageSchema":"1a1c01bbd47fc00a2c39e90264f33305004495a9","hash":"12dd14ec9276791cbe4b0c2c0c00670d5dbeff56"}
,"C:\\Users\\Lenovo\\Desktop\\sesion13\\sesion13\\sesion13\\controllers\\seguridad.controller.js": {"path":"C:\\Users\\Lenovo\\Desktop\\sesion13\\sesion13\\sesion13\\controllers\\seguridad.controller.js","statementMap":{"0":{"start":{"line":4,"column":23},"end":{"line":14,"column":1}},"1":{"start":{"line":5,"column":4},"end":{"line":5,"column":54}},"2":{"start":{"line":7,"column":4},"end":{"line":13,"column":5}},"3":{"start":{"line":8,"column":25},"end":{"line":8,"column":51}},"4":{"start":{"line":9,"column":8},"end":{"line":9,"column":33}},"5":{"start":{"line":11,"column":8},"end":{"line":11,"column":27}},"6":{"start":{"line":12,"column":8},"end":{"line":12,"column":69}},"7":{"start":{"line":16,"column":24},"end":{"line":28,"column":1}},"8":{"start":{"line":17,"column":4},"end":{"line":17,"column":54}},"9":{"start":{"line":19,"column":4},"end":{"line":27,"column":5}},"10":{"start":{"line":21,"column":26},"end":{"line":21,"column":39}},"11":{"start":{"line":22,"column":25},"end":{"line":22,"column":62}},"12":{"start":{"line":23,"column":8},"end":{"line":23,"column":33}},"13":{"start":{"line":25,"column":8},"end":{"line":25,"column":27}},"14":{"start":{"line":26,"column":8},"end":{"line":26,"column":69}},"15":{"start":{"line":31,"column":21},"end":{"line":73,"column":1}},"16":{"start":{"line":32,"column":2},"end":{"line":32,"column":52}},"17":{"start":{"line":33,"column":38},"end":{"line":33,"column":46}},"18":{"start":{"line":34,"column":26},"end":{"line":34,"column":76}},"19":{"start":{"line":36,"column":2},"end":{"line":72,"column":3}},"20":{"start":{"line":37,"column":4},"end":{"line":41,"column":5}},"21":{"start":{"line":38,"column":6},"end":{"line":40,"column":65}},"22":{"start":{"line":44,"column":17},"end":{"line":44,"column":66}},"23":{"start":{"line":45,"column":4},"end":{"line":47,"column":5}},"24":{"start":{"line":46,"column":6},"end":{"line":46,"column":69}},"25":{"start":{"line":49,"column":15},"end":{"line":49,"column":51}},"26":{"start":{"line":50,"column":4},"end":{"line":52,"column":5}},"27":{"start":{"line":51,"column":6},"end":{"line":51,"column":69}},"28":{"start":{"line":54,"column":20},"end":{"line":58,"column":5}},"29":{"start":{"line":60,"column":18},"end":{"line":60,"column":45}},"30":{"start":{"line":61,"column":25},"end":{"line":61,"column":86}},"31":{"start":{"line":63,"column":4},"end":{"line":68,"column":7}},"32":{"start":{"line":70,"column":4},"end":{"line":70,"column":23}},"33":{"start":{"line":71,"column":4},"end":{"line":71,"column":73}},"34":{"start":{"line":77,"column":28},"end":{"line":113,"column":1}},"35":{"start":{"line":78,"column":4},"end":{"line":78,"column":54}},"36":{"start":{"line":79,"column":25},"end":{"line":79,"column":33}},"37":{"start":{"line":80,"column":4},"end":{"line":80,"column":30}},"38":{"start":{"line":82,"column":4},"end":{"line":84,"column":5}},"39":{"start":{"line":83,"column":8},"end":{"line":83,"column":73}},"40":{"start":{"line":86,"column":4},"end":{"line":112,"column":5}},"41":{"start":{"line":87,"column":24},"end":{"line":87,"column":61}},"42":{"start":{"line":88,"column":8},"end":{"line":88,"column":29}},"43":{"start":{"line":90,"column":8},"end":{"line":107,"column":11}},"44":{"start":{"line":93,"column":12},"end":{"line":102,"column":73}},"45":{"start":{"line":95,"column":26},"end":{"line":95,"column":57}},"46":{"start":{"line":96,"column":16},"end":{"line":96,"column":45}},"47":{"start":{"line":97,"column":16},"end":{"line":99,"column":28}},"48":{"start":{"line":102,"column":16},"end":{"line":102,"column":73}},"49":{"start":{"line":105,"column":12},"end":{"line":105,"column":29}},"50":{"start":{"line":106,"column":12},"end":{"line":106,"column":73}},"51":{"start":{"line":110,"column":8},"end":{"line":110,"column":36}},"52":{"start":{"line":111,"column":8},"end":{"line":111,"column":91}},"53":{"start":{"line":116,"column":22},"end":{"line":158,"column":1}},"54":{"start":{"line":117,"column":2},"end":{"line":117,"column":61}},"55":{"start":{"line":118,"column":2},"end":{"line":157,"column":3}},"56":{"start":{"line":119,"column":76},"end":{"line":119,"column":84}},"57":{"start":{"line":121,"column":4},"end":{"line":123,"column":5}},"58":{"start":{"line":122,"column":6},"end":{"line":122,"column":75}},"59":{"start":{"line":126,"column":20},"end":{"line":138,"column":5}},"60":{"start":{"line":141,"column":23},"end":{"line":141,"column":49}},"61":{"start":{"line":142,"column":4},"end":{"line":145,"column":5}},"62":{"start":{"line":142,"column":29},"end":{"line":143,"column":71}},"63":{"start":{"line":144,"column":6},"end":{"line":144,"column":99}},"64":{"start":{"line":147,"column":19},"end":{"line":147,"column":51}},"65":{"start":{"line":148,"column":4},"end":{"line":148,"column":62}},"66":{"start":{"line":150,"column":4},"end":{"line":150,"column":23}},"67":{"start":{"line":153,"column":4},"end":{"line":155,"column":5}},"68":{"start":{"line":154,"column":6},"end":{"line":154,"column":91}},"69":{"start":{"line":156,"column":4},"end":{"line":156,"column":73}},"70":{"start":{"line":161,"column":22},"end":{"line":175,"column":1}},"71":{"start":{"line":162,"column":4},"end":{"line":162,"column":54}},"72":{"start":{"line":164,"column":4},"end":{"line":174,"column":5}},"73":{"start":{"line":165,"column":26},"end":{"line":165,"column":39}},"74":{"start":{"line":166,"column":26},"end":{"line":166,"column":34}},"75":{"start":{"line":167,"column":8},"end":{"line":167,"column":32}},"76":{"start":{"line":168,"column":8},"end":{"line":168,"column":32}},"77":{"start":{"line":169,"column":25},"end":{"line":169,"column":72}},"78":{"start":{"line":170,"column":8},"end":{"line":170,"column":33}},"79":{"start":{"line":172,"column":8},"end":{"line":172,"column":27}},"80":{"start":{"line":173,"column":8},"end":{"line":173,"column":69}},"81":{"start":{"line":177,"column":32},"end":{"line":188,"column":1}},"82":{"start":{"line":178,"column":4},"end":{"line":178,"column":54}},"83":{"start":{"line":179,"column":4},"end":{"line":187,"column":5}},"84":{"start":{"line":180,"column":26},"end":{"line":180,"column":45}},"85":{"start":{"line":181,"column":8},"end":{"line":181,"column":32}},"86":{"start":{"line":182,"column":25},"end":{"line":182,"column":70}},"87":{"start":{"line":183,"column":8},"end":{"line":183,"column":33}},"88":{"start":{"line":185,"column":8},"end":{"line":185,"column":27}},"89":{"start":{"line":186,"column":8},"end":{"line":186,"column":69}}},"fnMap":{"0":{"name":"(anonymous_0)","decl":{"start":{"line":4,"column":23},"end":{"line":4,"column":24}},"loc":{"start":{"line":4,"column":48},"end":{"line":14,"column":1}},"line":4},"1":{"name":"(anonymous_1)","decl":{"start":{"line":16,"column":24},"end":{"line":16,"column":25}},"loc":{"start":{"line":16,"column":49},"end":{"line":28,"column":1}},"line":16},"2":{"name":"(anonymous_2)","decl":{"start":{"line":31,"column":21},"end":{"line":31,"column":22}},"loc":{"start":{"line":31,"column":47},"end":{"line":73,"column":1}},"line":31},"3":{"name":"(anonymous_3)","decl":{"start":{"line":77,"column":28},"end":{"line":77,"column":29}},"loc":{"start":{"line":77,"column":47},"end":{"line":113,"column":1}},"line":77},"4":{"name":"(anonymous_4)","decl":{"start":{"line":91,"column":14},"end":{"line":91,"column":15}},"loc":{"start":{"line":91,"column":26},"end":{"line":103,"column":9}},"line":91},"5":{"name":"(anonymous_5)","decl":{"start":{"line":104,"column":15},"end":{"line":104,"column":16}},"loc":{"start":{"line":104,"column":22},"end":{"line":107,"column":9}},"line":104},"6":{"name":"(anonymous_6)","decl":{"start":{"line":116,"column":22},"end":{"line":116,"column":23}},"loc":{"start":{"line":116,"column":47},"end":{"line":158,"column":1}},"line":116},"7":{"name":"(anonymous_7)","decl":{"start":{"line":142,"column":24},"end":{"line":142,"column":25}},"loc":{"start":{"line":142,"column":29},"end":{"line":143,"column":71}},"line":142},"8":{"name":"(anonymous_8)","decl":{"start":{"line":161,"column":22},"end":{"line":161,"column":23}},"loc":{"start":{"line":161,"column":47},"end":{"line":175,"column":1}},"line":161},"9":{"name":"(anonymous_9)","decl":{"start":{"line":177,"column":32},"end":{"line":177,"column":33}},"loc":{"start":{"line":177,"column":57},"end":{"line":188,"column":1}},"line":177}},"branchMap":{"0":{"loc":{"start":{"line":9,"column":17},"end":{"line":9,"column":31}},"type":"binary-expr","locations":[{"start":{"line":9,"column":17},"end":{"line":9,"column":25}},{"start":{"line":9,"column":29},"end":{"line":9,"column":31}}],"line":9},"1":{"loc":{"start":{"line":23,"column":17},"end":{"line":23,"column":31}},"type":"binary-expr","locations":[{"start":{"line":23,"column":17},"end":{"line":23,"column":25}},{"start":{"line":23,"column":29},"end":{"line":23,"column":31}}],"line":23},"2":{"loc":{"start":{"line":34,"column":33},"end":{"line":34,"column":54}},"type":"binary-expr","locations":[{"start":{"line":34,"column":33},"end":{"line":34,"column":38}},{"start":{"line":34,"column":42},"end":{"line":34,"column":48}},{"start":{"line":34,"column":52},"end":{"line":34,"column":54}}],"line":34},"3":{"loc":{"start":{"line":37,"column":4},"end":{"line":41,"column":5}},"type":"if","locations":[{"start":{"line":37,"column":4},"end":{"line":41,"column":5}},{"start":{},"end":{}}],"line":37},"4":{"loc":{"start":{"line":37,"column":8},"end":{"line":37,"column":37}},"type":"binary-expr","locations":[{"start":{"line":37,"column":8},"end":{"line":37,"column":24}},{"start":{"line":37,"column":28},"end":{"line":37,"column":37}}],"line":37},"5":{"loc":{"start":{"line":45,"column":4},"end":{"line":47,"column":5}},"type":"if","locations":[{"start":{"line":45,"column":4},"end":{"line":47,"column":5}},{"start":{},"end":{}}],"line":45},"6":{"loc":{"start":{"line":50,"column":4},"end":{"line":52,"column":5}},"type":"if","locations":[{"start":{"line":50,"column":4},"end":{"line":52,"column":5}},{"start":{},"end":{}}],"line":50},"7":{"loc":{"start":{"line":82,"column":4},"end":{"line":84,"column":5}},"type":"if","locations":[{"start":{"line":82,"column":4},"end":{"line":84,"column":5}},{"start":{},"end":{}}],"line":82},"8":{"loc":{"start":{"line":93,"column":12},"end":{"line":102,"column":73}},"type":"if","locations":[{"start":{"line":93,"column":12},"end":{"line":102,"column":73}},{"start":{"line":102,"column":16},"end":{"line":102,"column":73}}],"line":93},"9":{"loc":{"start":{"line":111,"column":19},"end":{"line":111,"column":58}},"type":"cond-expr","locations":[{"start":{"line":111,"column":51},"end":{"line":111,"column":54}},{"start":{"line":111,"column":55},"end":{"line":111,"column":58}}],"line":111},"10":{"loc":{"start":{"line":121,"column":4},"end":{"line":123,"column":5}},"type":"if","locations":[{"start":{"line":121,"column":4},"end":{"line":123,"column":5}},{"start":{},"end":{}}],"line":121},"11":{"loc":{"start":{"line":121,"column":8},"end":{"line":121,"column":78}},"type":"binary-expr","locations":[{"start":{"line":121,"column":8},"end":{"line":121,"column":15}},{"start":{"line":121,"column":19},"end":{"line":121,"column":28}},{"start":{"line":121,"column":32},"end":{"line":121,"column":46}},{"start":{"line":121,"column":50},"end":{"line":121,"column":55}},{"start":{"line":121,"column":59},"end":{"line":121,"column":65}},{"start":{"line":121,"column":69},"end":{"line":121,"column":78}}],"line":121},"12":{"loc":{"start":{"line":135,"column":14},"end":{"line":135,"column":30}},"type":"binary-expr","locations":[{"start":{"line":135,"column":14},"end":{"line":135,"column":17}},{"start":{"line":135,"column":21},"end":{"line":135,"column":30}}],"line":135},"13":{"loc":{"start":{"line":142,"column":4},"end":{"line":145,"column":5}},"type":"if","locations":[{"start":{"line":142,"column":4},"end":{"line":145,"column":5}},{"start":{},"end":{}}],"line":142},"14":{"loc":{"start":{"line":142,"column":29},"end":{"line":143,"column":71}},"type":"binary-expr","locations":[{"start":{"line":142,"column":29},"end":{"line":142,"column":70}},{"start":{"line":143,"column":29},"end":{"line":143,"column":71}}],"line":142},"15":{"loc":{"start":{"line":153,"column":4},"end":{"line":155,"column":5}},"type":"if","locations":[{"start":{"line":153,"column":4},"end":{"line":155,"column":5}},{"start":{},"end":{}}],"line":153},"16":{"loc":{"start":{"line":170,"column":17},"end":{"line":170,"column":31}},"type":"binary-expr","locations":[{"start":{"line":170,"column":17},"end":{"line":170,"column":25}},{"start":{"line":170,"column":29},"end":{"line":170,"column":31}}],"line":170},"17":{"loc":{"start":{"line":183,"column":17},"end":{"line":183,"column":31}},"type":"binary-expr","locations":[{"start":{"line":183,"column":17},"end":{"line":183,"column":25}},{"start":{"line":183,"column":29},"end":{"line":183,"column":31}}],"line":183}},"s":{"0":2,"1":0,"2":0,"3":0,"4":0,"5":0,"6":0,"7":2,"8":0,"9":0,"10":0,"11":0,"12":0,"13":0,"14":0,"15":2,"16":3,"17":3,"18":3,"19":3,"20":3,"21":0,"22":3,"23":3,"24":1,"25":2,"26":2,"27":1,"28":1,"29":1,"30":1,"31":1,"32":0,"33":0,"34":2,"35":2,"36":2,"37":2,"38":2,"39":2,"40":0,"41":0,"42":0,"43":0,"44":0,"45":0,"46":0,"47":0,"48":0,"49":0,"50":0,"51":0,"52":0,"53":2,"54":0,"55":0,"56":0,"57":0,"58":0,"59":0,"60":0,"61":0,"62":0,"63":0,"64":0,"65":0,"66":0,"67":0,"68":0,"69":0,"70":2,"71":0,"72":0,"73":0,"74":0,"75":0,"76":0,"77":0,"78":0,"79":0,"80":0,"81":2,"82":0,"83":0,"84":0,"85":0,"86":0,"87":0,"88":0,"89":0},"f":{"0":0,"1":0,"2":3,"3":2,"4":0,"5":0,"6":0,"7":0,"8":0,"9":0},"b":{"0":[0,0],"1":[0,0],"2":[3,0,0],"3":[0,3],"4":[3,3],"5":[1,2],"6":[1,1],"7":[2,0],"8":[0,0],"9":[0,0],"10":[0,0],"11":[0,0,0,0,0,0],"12":[0,0],"13":[0,0],"14":[0,0],"15":[0,0],"16":[0,0],"17":[0,0]},"inputSourceMap":null,"_coverageSchema":"1a1c01bbd47fc00a2c39e90264f33305004495a9","hash":"6191754fc2091fdf8ff3be26fd7a910494854d94"}
,"C:\\Users\\Lenovo\\Desktop\\sesion13\\sesion13\\sesion13\\middleware\\validate.js": {"path":"C:\\Users\\Lenovo\\Desktop\\sesion13\\sesion13\\sesion13\\middleware\\validate.js","statementMap":{"0":{"start":{"line":2,"column":2},"end":{"line":8,"column":3}},"1":{"start":{"line":3,"column":2},"end":{"line":8,"column":3}},"2":{"start":{"line":4,"column":29},"end":{"line":4,"column":81}},"3":{"start":{"line":5,"column":4},"end":{"line":5,"column":69}},"4":{"start":{"line":5,"column":15},"end":{"line":5,"column":69}},"5":{"start":{"line":6,"column":4},"end":{"line":6,"column":24}},"6":{"start":{"line":7,"column":4},"end":{"line":7,"column":11}}},"fnMap":{"0":{"name":"(anonymous_0)","decl":{"start":{"line":2,"column":2},"end":{"line":2,"column":3}},"loc":{"start":{"line":3,"column":2},"end":{"line":8,"column":3}},"line":3},"1":{"name":"(anonymous_1)","decl":{"start":{"line":3,"column":2},"end":{"line":3,"column":3}},"loc":{"start":{"line":3,"column":22},"end":{"line":8,"column":3}},"line":3}},"branchMap":{"0":{"loc":{"start":{"line":2,"column":11},"end":{"line":2,"column":26}},"type":"default-arg","locations":[{"start":{"line":2,"column":20},"end":{"line":2,"column":26}}],"line":2},"1":{"loc":{"start":{"line":5,"column":4},"end":{"line":5,"column":69}},"type":"if","locations":[{"start":{"line":5,"column":4},"end":{"line":5,"column":69}},{"start":{},"end":{}}],"line":5}},"s":{"0":2,"1":2,"2":5,"3":5,"4":2,"5":3,"6":3},"f":{"0":2,"1":5},"b":{"0":[2],"1":[2,3]},"inputSourceMap":null,"_coverageSchema":"1a1c01bbd47fc00a2c39e90264f33305004495a9","hash":"b0aec582be473aabaa7605f581b6bd83e48aaf24"}
,"C:\\Users\\Lenovo\\Desktop\\sesion13\\sesion13\\sesion13\\routes\\producto.routes.js": {"path":"C:\\Users\\Lenovo\\Desktop\\sesion13\\sesion13\\sesion13\\routes\\producto.routes.js","statementMap":{"0":{"start":{"line":4,"column":15},"end":{"line":4,"column":23}},"1":{"start":{"line":6,"column":0},"end":{"line":6,"column":44}},"2":{"start":{"line":7,"column":0},"end":{"line":7,"column":57}}},"fnMap":{},"branchMap":{},"s":{"0":2,"1":2,"2":2},"f":{},"b":{},"inputSourceMap":null,"_coverageSchema":"1a1c01bbd47fc00a2c39e90264f33305004495a9","hash":"164f98eb972f08e57ad2701f2452662bc71a3b68"}
,"C:\\Users\\Lenovo\\Desktop\\sesion13\\sesion13\\sesion13\\routes\\seguridad.routes.js": {"path":"C:\\Users\\Lenovo\\Desktop\\sesion13\\sesion13\\sesion13\\routes\\seguridad.routes.js","statementMap":{"0":{"start":{"line":6,"column":15},"end":{"line":6,"column":32}},"1":{"start":{"line":9,"column":0},"end":{"line":9,"column":63}},"2":{"start":{"line":10,"column":0},"end":{"line":13,"column":3}},"3":{"start":{"line":12,"column":2},"end":{"line":12,"column":70}},"4":{"start":{"line":15,"column":0},"end":{"line":15,"column":55}},"5":{"start":{"line":18,"column":0},"end":{"line":18,"column":36}},"6":{"start":{"line":22,"column":0},"end":{"line":22,"column":40}},"7":{"start":{"line":25,"column":0},"end":{"line":25,"column":42}}},"fnMap":{"0":{"name":"(anonymous_0)","decl":{"start":{"line":10,"column":21},"end":{"line":10,"column":22}},"loc":{"start":{"line":10,"column":35},"end":{"line":13,"column":1}},"line":10}},"branchMap":{},"s":{"0":2,"1":2,"2":2,"3":0,"4":2,"5":2,"6":2,"7":2},"f":{"0":0},"b":{},"inputSourceMap":null,"_coverageSchema":"1a1c01bbd47fc00a2c39e90264f33305004495a9","hash":"1f2ccadb000f456f2dc8785d6e03137ceedd813b"}
,"C:\\Users\\Lenovo\\Desktop\\sesion13\\sesion13\\sesion13\\schemas\\persona.schema.js": {"path":"C:\\Users\\Lenovo\\Desktop\\sesion13\\sesion13\\sesion13\\schemas\\persona.schema.js","statementMap":{"0":{"start":{"line":5,"column":22},"end":{"line":51,"column":1}},"1":{"start":{"line":54,"column":0},"end":{"line":56,"column":3}},"2":{"start":{"line":55,"column":2},"end":{"line":55,"column":62}},"3":{"start":{"line":59,"column":0},"end":{"line":79,"column":3}},"4":{"start":{"line":60,"column":2},"end":{"line":61,"column":44}},"5":{"start":{"line":61,"column":4},"end":{"line":61,"column":44}},"6":{"start":{"line":63,"column":2},"end":{"line":64,"column":48}},"7":{"start":{"line":64,"column":4},"end":{"line":64,"column":48}},"8":{"start":{"line":66,"column":2},"end":{"line":67,"column":54}},"9":{"start":{"line":67,"column":4},"end":{"line":67,"column":54}},"10":{"start":{"line":70,"column":2},"end":{"line":76,"column":3}},"11":{"start":{"line":71,"column":16},"end":{"line":71,"column":37}},"12":{"start":{"line":72,"column":24},"end":{"line":72,"column":47}},"13":{"start":{"line":73,"column":4},"end":{"line":75,"column":5}},"14":{"start":{"line":74,"column":6},"end":{"line":74,"column":57}},"15":{"start":{"line":78,"column":2},"end":{"line":78,"column":9}},"16":{"start":{"line":82,"column":0},"end":{"line":94,"column":2}},"17":{"start":{"line":83,"column":2},"end":{"line":87,"column":3}},"18":{"start":{"line":84,"column":19},"end":{"line":84,"column":40}},"19":{"start":{"line":85,"column":4},"end":{"line":85,"column":73}},"20":{"start":{"line":85,"column":36},"end":{"line":85,"column":73}},"21":{"start":{"line":86,"column":4},"end":{"line":86,"column":28}},"22":{"start":{"line":88,"column":2},"end":{"line":92,"column":3}},"23":{"start":{"line":89,"column":19},"end":{"line":89,"column":32}},"24":{"start":{"line":90,"column":4},"end":{"line":90,"column":73}},"25":{"start":{"line":90,"column":36},"end":{"line":90,"column":73}},"26":{"start":{"line":91,"column":4},"end":{"line":91,"column":28}},"27":{"start":{"line":93,"column":2},"end":{"line":93,"column":15}},"28":{"start":{"line":96,"column":23},"end":{"line":96,"column":58}},"29":{"start":{"line":99,"column":23},"end":{"line":102,"column":1}},"30":{"start":{"line":101,"column":2},"end":{"line":101,"column":26}},"31":{"start":{"line":104,"column":31},"end":{"line":108,"column":1}},"32":{"start":{"line":106,"column":2},"end":{"line":107,"column":44}},"33":{"start":{"line":110,"column":21},"end":{"line":112,"column":1}},"34":{"start":{"line":111,"column":2},"end":{"line":111,"column":97}},"35":{"start":{"line":115,"column":24},"end":{"line":117,"column":1}},"36":{"start":{"line":116,"column":2},"end":{"line":116,"column":43}},"37":{"start":{"line":119,"column":22},"end":{"line":122,"column":1}},"38":{"start":{"line":121,"column":2},"end":{"line":121,"column":36}},"39":{"start":{"line":124,"column":22},"end":{"line":138,"column":1}},"40":{"start":{"line":126,"column":14},"end":{"line":126,"column":76}},"41":{"start":{"line":127,"column":2},"end":{"line":127,"column":24}},"42":{"start":{"line":127,"column":12},"end":{"line":127,"column":24}},"43":{"start":{"line":129,"column":2},"end":{"line":129,"column":66}},"44":{"start":{"line":129,"column":34},"end":{"line":129,"column":66}},"45":{"start":{"line":130,"column":2},"end":{"line":130,"column":70}},"46":{"start":{"line":130,"column":35},"end":{"line":130,"column":70}},"47":{"start":{"line":131,"column":2},"end":{"line":131,"column":66}},"48":{"start":{"line":131,"column":35},"end":{"line":131,"column":66}},"49":{"start":{"line":133,"column":2},"end":{"line":133,"column":87}},"50":{"start":{"line":133,"column":36},"end":{"line":133,"column":87}},"51":{"start":{"line":134,"column":2},"end":{"line":134,"column":82}},"52":{"start":{"line":134,"column":36},"end":{"line":134,"column":82}},"53":{"start":{"line":136,"column":2},"end":{"line":136,"column":19}},"54":{"start":{"line":137,"column":2},"end":{"line":137,"column":13}}},"fnMap":{"0":{"name":"(anonymous_0)","decl":{"start":{"line":54,"column":45},"end":{"line":54,"column":46}},"loc":{"start":{"line":54,"column":57},"end":{"line":56,"column":1}},"line":54},"1":{"name":"(anonymous_1)","decl":{"start":{"line":59,"column":26},"end":{"line":59,"column":27}},"loc":{"start":{"line":59,"column":48},"end":{"line":79,"column":1}},"line":59},"2":{"name":"(anonymous_2)","decl":{"start":{"line":82,"column":40},"end":{"line":82,"column":41}},"loc":{"start":{"line":82,"column":63},"end":{"line":94,"column":1}},"line":82},"3":{"name":"(anonymous_3)","decl":{"start":{"line":99,"column":23},"end":{"line":99,"column":24}},"loc":{"start":{"line":99,"column":35},"end":{"line":102,"column":1}},"line":99},"4":{"name":"(anonymous_4)","decl":{"start":{"line":104,"column":31},"end":{"line":104,"column":32}},"loc":{"start":{"line":104,"column":48},"end":{"line":108,"column":1}},"line":104},"5":{"name":"(anonymous_5)","decl":{"start":{"line":110,"column":21},"end":{"line":110,"column":22}},"loc":{"start":{"line":110,"column":43},"end":{"line":112,"column":1}},"line":110},"6":{"name":"(anonymous_6)","decl":{"start":{"line":115,"column":24},"end":{"line":115,"column":25}},"loc":{"start":{"line":115,"column":46},"end":{"line":117,"column":1}},"line":115},"7":{"name":"(anonymous_7)","decl":{"start":{"line":119,"column":22},"end":{"line":119,"column":23}},"loc":{"start":{"line":119,"column":44},"end":{"line":122,"column":1}},"line":119},"8":{"name":"(anonymous_8)","decl":{"start":{"line":124,"column":22},"end":{"line":124,"column":23}},"loc":{"start":{"line":124,"column":56},"end":{"line":138,"column":1}},"line":124}},"branchMap":{"0":{"loc":{"start":{"line":55,"column":12},"end":{"line":55,"column":29}},"type":"binary-expr","locations":[{"start":{"line":55,"column":12},"end":{"line":55,"column":23}},{"start":{"line":55,"column":27},"end":{"line":55,"column":29}}],"line":55},"1":{"loc":{"start":{"line":55,"column":33},"end":{"line":55,"column":52}},"type":"binary-expr","locations":[{"start":{"line":55,"column":33},"end":{"line":55,"column":46}},{"start":{"line":55,"column":50},"end":{"line":55,"column":52}}],"line":55},"2":{"loc":{"start":{"line":60,"column":2},"end":{"line":61,"column":44}},"type":"if","locations":[{"start":{"line":60,"column":2},"end":{"line":61,"column":44}},{"start":{},"end":{}}],"line":60},"3":{"loc":{"start":{"line":60,"column":6},"end":{"line":60,"column":46}},"type":"binary-expr","locations":[{"start":{"line":60,"column":6},"end":{"line":60,"column":31}},{"start":{"line":60,"column":35},"end":{"line":60,"column":46}}],"line":60},"4":{"loc":{"start":{"line":63,"column":2},"end":{"line":64,"column":48}},"type":"if","locations":[{"start":{"line":63,"column":2},"end":{"line":64,"column":48}},{"start":{},"end":{}}],"line":63},"5":{"loc":{"start":{"line":63,"column":6},"end":{"line":63,"column":50}},"type":"binary-expr","locations":[{"start":{"line":63,"column":6},"end":{"line":63,"column":33}},{"start":{"line":63,"column":37},"end":{"line":63,"column":50}}],"line":63},"6":{"loc":{"start":{"line":66,"column":2},"end":{"line":67,"column":54}},"type":"if","locations":[{"start":{"line":66,"column":2},"end":{"line":67,"column":54}},{"start":{},"end":{}}],"line":66},"7":{"loc":{"start":{"line":66,"column":6},"end":{"line":66,"column":57}},"type":"binary-expr","locations":[{"start":{"line":66,"column":6},"end":{"line":66,"column":36}},{"start":{"line":66,"column":40},"end":{"line":66,"column":57}}],"line":66},"8":{"loc":{"start":{"line":70,"column":2},"end":{"line":76,"column":3}},"type":"if","locations":[{"start":{"line":70,"column":2},"end":{"line":76,"column":3}},{"start":{},"end":{}}],"line":70},"9":{"loc":{"start":{"line":70,"column":6},"end":{"line":70,"column":67}},"type":"binary-expr","locations":[{"start":{"line":70,"column":6},"end":{"line":70,"column":41}},{"start":{"line":70,"column":45},"end":{"line":70,"column":67}}],"line":70},"10":{"loc":{"start":{"line":73,"column":4},"end":{"line":75,"column":5}},"type":"if","locations":[{"start":{"line":73,"column":4},"end":{"line":75,"column":5}},{"start":{},"end":{}}],"line":73},"11":{"loc":{"start":{"line":83,"column":2},"end":{"line":87,"column":3}},"type":"if","locations":[{"start":{"line":83,"column":2},"end":{"line":87,"column":3}},{"start":{},"end":{}}],"line":83},"12":{"loc":{"start":{"line":85,"column":4},"end":{"line":85,"column":73}},"type":"if","locations":[{"start":{"line":85,"column":4},"end":{"line":85,"column":73}},{"start":{},"end":{}}],"line":85},"13":{"loc":{"start":{"line":88,"column":2},"end":{"line":92,"column":3}},"type":"if","locations":[{"start":{"line":88,"column":2},"end":{"line":92,"column":3}},{"start":{},"end":{}}],"line":88},"14":{"loc":{"start":{"line":90,"column":4},"end":{"line":90,"column":73}},"type":"if","locations":[{"start":{"line":90,"column":4},"end":{"line":90,"column":73}},{"start":{},"end":{}}],"line":90},"15":{"loc":{"start":{"line":106,"column":51},"end":{"line":106,"column":62}},"type":"binary-expr","locations":[{"start":{"line":106,"column":51},"end":{"line":106,"column":56}},{"start":{"line":106,"column":60},"end":{"line":106,"column":62}}],"line":106},"16":{"loc":{"start":{"line":111,"column":48},"end":{"line":111,"column":71}},"type":"binary-expr","locations":[{"start":{"line":111,"column":48},"end":{"line":111,"column":65}},{"start":{"line":111,"column":69},"end":{"line":111,"column":71}}],"line":111},"17":{"loc":{"start":{"line":127,"column":2},"end":{"line":127,"column":24}},"type":"if","locations":[{"start":{"line":127,"column":2},"end":{"line":127,"column":24}},{"start":{},"end":{}}],"line":127},"18":{"loc":{"start":{"line":129,"column":2},"end":{"line":129,"column":66}},"type":"if","locations":[{"start":{"line":129,"column":2},"end":{"line":129,"column":66}},{"start":{},"end":{}}],"line":129},"19":{"loc":{"start":{"line":130,"column":2},"end":{"line":130,"column":70}},"type":"if","locations":[{"start":{"line":130,"column":2},"end":{"line":130,"column":70}},{"start":{},"end":{}}],"line":130},"20":{"loc":{"start":{"line":131,"column":2},"end":{"line":131,"column":66}},"type":"if","locations":[{"start":{"line":131,"column":2},"end":{"line":131,"column":66}},{"start":{},"end":{}}],"line":131},"21":{"loc":{"start":{"line":133,"column":2},"end":{"line":133,"column":87}},"type":"if","locations":[{"start":{"line":133,"column":2},"end":{"line":133,"column":87}},{"start":{},"end":{}}],"line":133},"22":{"loc":{"start":{"line":134,"column":2},"end":{"line":134,"column":82}},"type":"if","locations":[{"start":{"line":134,"column":2},"end":{"line":134,"column":82}},{"start":{},"end":{}}],"line":134}},"s":{"0":3,"1":3,"2":1,"3":3,"4":4,"5":4,"6":4,"7":4,"8":4,"9":4,"10":4,"11":4,"12":4,"13":4,"14":4,"15":4,"16":3,"17":2,"18":2,"19":2,"20":2,"21":0,"22":0,"23":0,"24":0,"25":0,"26":0,"27":0,"28":3,"29":3,"30":0,"31":3,"32":3,"33":3,"34":0,"35":3,"36":0,"37":3,"38":0,"39":3,"40":0,"41":0,"42":0,"43":0,"44":0,"45":0,"46":0,"47":0,"48":0,"49":0,"50":0,"51":0,"52":0,"53":0,"54":0},"f":{"0":1,"1":4,"2":2,"3":0,"4":3,"5":0,"6":0,"7":0,"8":0},"b":{"0":[1,0],"1":[1,0],"2":[4,0],"3":[4,4],"4":[4,0],"5":[4,4],"6":[4,0],"7":[4,4],"8":[4,0],"9":[4,4],"10":[4,0],"11":[2,0],"12":[2,0],"13":[0,0],"14":[0,0],"15":[3,0],"16":[0,0],"17":[0,0],"18":[0,0],"19":[0,0],"20":[0,0],"21":[0,0],"22":[0,0]},"inputSourceMap":null,"_coverageSchema":"1a1c01bbd47fc00a2c39e90264f33305004495a9","hash":"7a549a79f6085060de4ab56625a98c9df0062df5"}
,"C:\\Users\\Lenovo\\Desktop\\sesion13\\sesion13\\sesion13\\schemas\\producto.schema.js": {"path":"C:\\Users\\Lenovo\\Desktop\\sesion13\\sesion13\\sesion13\\schemas\\producto.schema.js","statementMap":{"0":{"start":{"line":4,"column":23},"end":{"line":17,"column":1}},"1":{"start":{"line":19,"column":24},"end":{"line":19,"column":61}},"2":{"start":{"line":22,"column":23},"end":{"line":32,"column":1}},"3":{"start":{"line":23,"column":16},"end":{"line":23,"column":42}},"4":{"start":{"line":25,"column":2},"end":{"line":29,"column":3}},"5":{"start":{"line":26,"column":22},"end":{"line":26,"column":41}},"6":{"start":{"line":27,"column":16},"end":{"line":27,"column":63}},"7":{"start":{"line":27,"column":23},"end":{"line":27,"column":63}},"8":{"start":{"line":28,"column":4},"end":{"line":28,"column":61}},"9":{"start":{"line":31,"column":2},"end":{"line":31,"column":50}},"10":{"start":{"line":34,"column":30},"end":{"line":36,"column":1}},"11":{"start":{"line":35,"column":2},"end":{"line":35,"column":68}}},"fnMap":{"0":{"name":"(anonymous_0)","decl":{"start":{"line":22,"column":23},"end":{"line":22,"column":24}},"loc":{"start":{"line":22,"column":53},"end":{"line":32,"column":1}},"line":22},"1":{"name":"(anonymous_1)","decl":{"start":{"line":27,"column":16},"end":{"line":27,"column":17}},"loc":{"start":{"line":27,"column":23},"end":{"line":27,"column":63}},"line":27},"2":{"name":"(anonymous_2)","decl":{"start":{"line":34,"column":30},"end":{"line":34,"column":31}},"loc":{"start":{"line":34,"column":48},"end":{"line":36,"column":1}},"line":34}},"branchMap":{"0":{"loc":{"start":{"line":25,"column":2},"end":{"line":29,"column":3}},"type":"if","locations":[{"start":{"line":25,"column":2},"end":{"line":29,"column":3}},{"start":{},"end":{}}],"line":25},"1":{"loc":{"start":{"line":25,"column":6},"end":{"line":25,"column":69}},"type":"binary-expr","locations":[{"start":{"line":25,"column":6},"end":{"line":25,"column":18}},{"start":{"line":25,"column":22},"end":{"line":25,"column":41}},{"start":{"line":25,"column":45},"end":{"line":25,"column":69}}],"line":25}},"s":{"0":2,"1":2,"2":2,"3":0,"4":0,"5":0,"6":0,"7":0,"8":0,"9":0,"10":2,"11":0},"f":{"0":0,"1":0,"2":0},"b":{"0":[0,0],"1":[0,0,0]},"inputSourceMap":null,"_coverageSchema":"1a1c01bbd47fc00a2c39e90264f33305004495a9","hash":"37a5a812e0206b2d30c8f858cf9ebf57f5a591c6"}
,"C:\\Users\\Lenovo\\Desktop\\sesion13\\sesion13\\sesion13\\services\\product.service.js": {"path":"C:\\Users\\Lenovo\\Desktop\\sesion13\\sesion13\\sesion13\\services\\product.service.js","statementMap":{"0":{"start":{"line":3,"column":23},"end":{"line":5,"column":1}},"1":{"start":{"line":4,"column":2},"end":{"line":4,"column":38}},"2":{"start":{"line":7,"column":30},"end":{"line":9,"column":1}},"3":{"start":{"line":8,"column":2},"end":{"line":8,"column":36}}},"fnMap":{"0":{"name":"(anonymous_0)","decl":{"start":{"line":3,"column":23},"end":{"line":3,"column":24}},"loc":{"start":{"line":3,"column":44},"end":{"line":5,"column":1}},"line":3},"1":{"name":"(anonymous_1)","decl":{"start":{"line":7,"column":30},"end":{"line":7,"column":31}},"loc":{"start":{"line":7,"column":42},"end":{"line":9,"column":1}},"line":7}},"branchMap":{},"s":{"0":1,"1":0,"2":1,"3":0},"f":{"0":0,"1":0},"b":{},"inputSourceMap":null,"_coverageSchema":"1a1c01bbd47fc00a2c39e90264f33305004495a9","hash":"a1806df6f312a32eadc150d818057a1e56958d34"}
,"C:\\Users\\Lenovo\\Desktop\\sesion13\\sesion13\\sesion13\\services\\seguridad.service.js": {"path":"C:\\Users\\Lenovo\\Desktop\\sesion13\\sesion13\\sesion13\\services\\seguridad.service.js","statementMap":{"0":{"start":{"line":5,"column":23},"end":{"line":7,"column":1}},"1":{"start":{"line":6,"column":2},"end":{"line":6,"column":59}},"2":{"start":{"line":10,"column":31},"end":{"line":12,"column":1}},"3":{"start":{"line":11,"column":2},"end":{"line":11,"column":39}},"4":{"start":{"line":15,"column":24},"end":{"line":17,"column":1}},"5":{"start":{"line":16,"column":2},"end":{"line":16,"column":38}},"6":{"start":{"line":20,"column":22},"end":{"line":24,"column":1}},"7":{"start":{"line":23,"column":2},"end":{"line":23,"column":36}},"8":{"start":{"line":27,"column":22},"end":{"line":29,"column":1}},"9":{"start":{"line":28,"column":2},"end":{"line":28,"column":68}}},"fnMap":{"0":{"name":"(anonymous_0)","decl":{"start":{"line":5,"column":23},"end":{"line":5,"column":24}},"loc":{"start":{"line":5,"column":35},"end":{"line":7,"column":1}},"line":5},"1":{"name":"(anonymous_1)","decl":{"start":{"line":10,"column":31},"end":{"line":10,"column":32}},"loc":{"start":{"line":10,"column":42},"end":{"line":12,"column":1}},"line":10},"2":{"name":"(anonymous_2)","decl":{"start":{"line":15,"column":24},"end":{"line":15,"column":25}},"loc":{"start":{"line":15,"column":40},"end":{"line":17,"column":1}},"line":15},"3":{"name":"(anonymous_3)","decl":{"start":{"line":20,"column":22},"end":{"line":20,"column":23}},"loc":{"start":{"line":20,"column":38},"end":{"line":24,"column":1}},"line":20},"4":{"name":"(anonymous_4)","decl":{"start":{"line":27,"column":22},"end":{"line":27,"column":23}},"loc":{"start":{"line":27,"column":44},"end":{"line":29,"column":1}},"line":27}},"branchMap":{},"s":{"0":2,"1":0,"2":2,"3":3,"4":2,"5":0,"6":2,"7":0,"8":2,"9":0},"f":{"0":0,"1":3,"2":0,"3":0,"4":0},"b":{},"inputSourceMap":null,"_coverageSchema":"1a1c01bbd47fc00a2c39e90264f33305004495a9","hash":"36dcd16aa80645db90a2589764ae5a3fd35e9327"}
,"C:\\Users\\Lenovo\\Desktop\\sesion13\\sesion13\\sesion13\\tests\\utils\\mongo-memory.js": {"path":"C:\\Users\\Lenovo\\Desktop\\sesion13\\sesion13\\sesion13\\tests\\utils\\mongo-memory.js","statementMap":{"0":{"start":{"line":7,"column":2},"end":{"line":7,"column":44}},"1":{"start":{"line":8,"column":14},"end":{"line":8,"column":29}},"2":{"start":{"line":9,"column":2},"end":{"line":9,"column":23}},"3":{"start":{"line":13,"column":26},"end":{"line":13,"column":40}},"4":{"start":{"line":14,"column":2},"end":{"line":16,"column":3}},"5":{"start":{"line":15,"column":4},"end":{"line":15,"column":42}},"6":{"start":{"line":20,"column":2},"end":{"line":20,"column":38}},"7":{"start":{"line":21,"column":2},"end":{"line":21,"column":23}},"8":{"start":{"line":22,"column":2},"end":{"line":22,"column":34}},"9":{"start":{"line":22,"column":14},"end":{"line":22,"column":34}}},"fnMap":{"0":{"name":"connectInMemory","decl":{"start":{"line":6,"column":22},"end":{"line":6,"column":37}},"loc":{"start":{"line":6,"column":40},"end":{"line":10,"column":1}},"line":6},"1":{"name":"clearDatabase","decl":{"start":{"line":12,"column":22},"end":{"line":12,"column":35}},"loc":{"start":{"line":12,"column":38},"end":{"line":17,"column":1}},"line":12},"2":{"name":"closeInMemory","decl":{"start":{"line":19,"column":22},"end":{"line":19,"column":35}},"loc":{"start":{"line":19,"column":38},"end":{"line":23,"column":1}},"line":19}},"branchMap":{"0":{"loc":{"start":{"line":22,"column":2},"end":{"line":22,"column":34}},"type":"if","locations":[{"start":{"line":22,"column":2},"end":{"line":22,"column":34}},{"start":{},"end":{}}],"line":22}},"s":{"0":2,"1":2,"2":2,"3":7,"4":7,"5":14,"6":2,"7":2,"8":2,"9":2},"f":{"0":2,"1":7,"2":2},"b":{"0":[2,0]},"inputSourceMap":null,"_coverageSchema":"1a1c01bbd47fc00a2c39e90264f33305004495a9","hash":"eac8ca211103198a152ec3153e07783e96382056"}
,"C:\\Users\\Lenovo\\Desktop\\sesion13\\sesion13\\sesion13\\utils\\constantes.js": {"path":"C:\\Users\\Lenovo\\Desktop\\sesion13\\sesion13\\sesion13\\utils\\constantes.js","statementMap":{"0":{"start":{"line":1,"column":13},"end":{"line":1,"column":17}},"1":{"start":{"line":2,"column":26},"end":{"line":2,"column":49}},"2":{"start":{"line":6,"column":24},"end":{"line":6,"column":46}},"3":{"start":{"line":7,"column":25},"end":{"line":7,"column":29}},"4":{"start":{"line":11,"column":32},"end":{"line":11,"column":62}},"5":{"start":{"line":12,"column":33},"end":{"line":12,"column":38}}},"fnMap":{},"branchMap":{},"s":{"0":2,"1":2,"2":2,"3":2,"4":2,"5":2},"f":{},"b":{},"inputSourceMap":null,"_coverageSchema":"1a1c01bbd47fc00a2c39e90264f33305004495a9","hash":"ef59305e0b08278f7b5a69f6c2d27d136c2b9487"}
,"C:\\Users\\Lenovo\\Desktop\\sesion13\\sesion13\\sesion13\\validators\\auth.validator.js": {"path":"C:\\Users\\Lenovo\\Desktop\\sesion13\\sesion13\\sesion13\\validators\\auth.validator.js","statementMap":{"0":{"start":{"line":3,"column":27},"end":{"line":6,"column":2}},"1":{"start":{"line":8,"column":32},"end":{"line":16,"column":2}}},"fnMap":{},"branchMap":{},"s":{"0":2,"1":2},"f":{},"b":{},"inputSourceMap":null,"_coverageSchema":"1a1c01bbd47fc00a2c39e90264f33305004495a9","hash":"05ca3d973aa2ad1ceaac5e4fda9cc218b98342c1"}
}
