TN:
SF:routes.js
FNF:0
FNH:0
DA:4,2
DA:7,2
DA:8,2
LF:3
LH:3
BRF:0
BRH:0
end_of_record
TN:
SF:config\auth.js
FN:16,(anonymous_0)
FN:17,(anonymous_1)
FN:20,(anonymous_2)
FN:23,(anonymous_3)
FN:26,(anonymous_4)
FN:30,(anonymous_5)
FN:39,(anonymous_6)
FN:50,(anonymous_7)
FN:56,(anonymous_8)
FN:63,(anonymous_9)
FNF:10
FNH:2
FNDA:0,(anonymous_0)
FNDA:0,(anonymous_1)
FNDA:2,(anonymous_2)
FNDA:1,(anonymous_3)
FNDA:0,(anonymous_4)
FNDA:0,(anonymous_5)
FNDA:0,(anonymous_6)
FNDA:0,(anonymous_7)
FNDA:0,(anonymous_8)
FNDA:0,(anonymous_9)
DA:6,3
DA:7,3
DA:8,3
DA:9,3
DA:13,3
DA:14,3
DA:16,3
DA:17,3
DA:20,3
DA:21,2
DA:23,3
DA:24,1
DA:26,3
DA:30,3
DA:31,0
DA:32,0
DA:33,0
DA:36,0
DA:39,3
DA:40,0
DA:43,0
DA:44,0
DA:47,0
DA:50,3
DA:51,0
DA:52,0
DA:53,0
DA:56,3
DA:57,0
DA:58,0
DA:59,0
DA:63,3
DA:64,0
DA:65,0
DA:66,0
DA:67,0
DA:70,0
DA:71,0
DA:72,0
DA:73,0
DA:75,0
DA:77,0
DA:78,0
DA:80,0
LF:44
LH:18
BRDA:6,0,0,3
BRDA:6,0,1,3
BRDA:7,1,0,3
BRDA:7,1,1,3
BRDA:8,2,0,3
BRDA:8,2,1,3
BRDA:9,3,0,3
BRDA:9,3,1,3
BRDA:13,4,0,3
BRDA:13,4,1,3
BRDA:30,5,0,0
BRDA:31,6,0,0
BRDA:31,6,1,0
BRDA:39,7,0,0
BRDA:41,8,0,0
BRDA:41,8,1,0
BRDA:65,9,0,0
BRDA:65,9,1,0
BRDA:66,10,0,0
BRDA:66,10,1,0
BRDA:67,11,0,0
BRDA:67,11,1,0
BRDA:70,12,0,0
BRDA:70,12,1,0
BRDA:72,13,0,0
BRDA:72,13,1,0
BRDA:81,14,0,0
BRDA:81,14,1,0
BRF:28
BRH:10
end_of_record
TN:
SF:config\cors.js
FNF:0
FNH:0
DA:4,2
DA:5,2
LF:2
LH:2
BRF:0
BRH:0
end_of_record
TN:
SF:config\mongoose.js
FN:6,connect
FN:13,disconnect
FN:19,(anonymous_2)
FN:20,(anonymous_3)
FN:21,(anonymous_4)
FN:25,(anonymous_5)
FNF:6
FNH:4
FNDA:2,connect
FNDA:2,disconnect
FNDA:3,(anonymous_2)
FNDA:0,(anonymous_3)
FNDA:4,(anonymous_4)
FNDA:0,(anonymous_5)
DA:2,5
DA:3,5
DA:4,5
DA:7,2
DA:8,2
DA:9,2
DA:10,2
DA:14,2
DA:15,2
DA:16,2
DA:19,5
DA:20,5
DA:21,5
DA:24,5
DA:25,0
LF:15
LH:14
BRDA:3,0,0,5
BRDA:3,0,1,5
BRDA:6,1,0,0
BRDA:7,2,0,0
BRDA:7,2,1,2
BRDA:14,3,0,0
BRDA:14,3,1,2
BRDA:24,4,0,0
BRDA:24,4,1,5
BRF:9
BRH:5
end_of_record
TN:
SF:controllers\producto.controller.js
FN:3,(anonymous_0)
FN:14,(anonymous_1)
FNF:2
FNH:2
FNDA:2,(anonymous_0)
FNDA:1,(anonymous_1)
DA:3,2
DA:4,2
DA:5,2
DA:6,2
DA:7,1
DA:9,1
DA:10,1
DA:14,2
DA:15,1
DA:16,1
DA:17,1
DA:19,0
DA:20,0
LF:13
LH:11
BRDA:7,0,0,1
BRDA:7,0,1,0
BRDA:17,1,0,1
BRDA:17,1,1,0
BRF:4
BRH:2
end_of_record
TN:
SF:controllers\seguridad.controller.js
FN:4,(anonymous_0)
FN:16,(anonymous_1)
FN:31,(anonymous_2)
FN:77,(anonymous_3)
FN:91,(anonymous_4)
FN:104,(anonymous_5)
FN:116,(anonymous_6)
FN:142,(anonymous_7)
FN:161,(anonymous_8)
FN:177,(anonymous_9)
FNF:10
FNH:2
FNDA:0,(anonymous_0)
FNDA:0,(anonymous_1)
FNDA:3,(anonymous_2)
FNDA:2,(anonymous_3)
FNDA:0,(anonymous_4)
FNDA:0,(anonymous_5)
FNDA:0,(anonymous_6)
FNDA:0,(anonymous_7)
FNDA:0,(anonymous_8)
FNDA:0,(anonymous_9)
DA:4,2
DA:5,0
DA:7,0
DA:8,0
DA:9,0
DA:11,0
DA:12,0
DA:16,2
DA:17,0
DA:19,0
DA:21,0
DA:22,0
DA:23,0
DA:25,0
DA:26,0
DA:31,2
DA:32,3
DA:33,3
DA:34,3
DA:36,3
DA:37,3
DA:38,0
DA:44,3
DA:45,3
DA:46,1
DA:49,2
DA:50,2
DA:51,1
DA:54,1
DA:60,1
DA:61,1
DA:63,1
DA:70,0
DA:71,0
DA:77,2
DA:78,2
DA:79,2
DA:80,2
DA:82,2
DA:83,2
DA:86,0
DA:87,0
DA:88,0
DA:90,0
DA:93,0
DA:95,0
DA:96,0
DA:97,0
DA:102,0
DA:105,0
DA:106,0
DA:110,0
DA:111,0
DA:116,2
DA:117,0
DA:118,0
DA:119,0
DA:121,0
DA:122,0
DA:126,0
DA:141,0
DA:142,0
DA:144,0
DA:147,0
DA:148,0
DA:150,0
DA:153,0
DA:154,0
DA:156,0
DA:161,2
DA:162,0
DA:164,0
DA:165,0
DA:166,0
DA:167,0
DA:168,0
DA:169,0
DA:170,0
DA:172,0
DA:173,0
DA:177,2
DA:178,0
DA:179,0
DA:180,0
DA:181,0
DA:182,0
DA:183,0
DA:185,0
DA:186,0
LF:89
LH:27
BRDA:9,0,0,0
BRDA:9,0,1,0
BRDA:23,1,0,0
BRDA:23,1,1,0
BRDA:34,2,0,3
BRDA:34,2,1,0
BRDA:34,2,2,0
BRDA:37,3,0,0
BRDA:37,3,1,3
BRDA:37,4,0,3
BRDA:37,4,1,3
BRDA:45,5,0,1
BRDA:45,5,1,2
BRDA:50,6,0,1
BRDA:50,6,1,1
BRDA:82,7,0,2
BRDA:82,7,1,0
BRDA:93,8,0,0
BRDA:93,8,1,0
BRDA:111,9,0,0
BRDA:111,9,1,0
BRDA:121,10,0,0
BRDA:121,10,1,0
BRDA:121,11,0,0
BRDA:121,11,1,0
BRDA:121,11,2,0
BRDA:121,11,3,0
BRDA:121,11,4,0
BRDA:121,11,5,0
BRDA:135,12,0,0
BRDA:135,12,1,0
BRDA:142,13,0,0
BRDA:142,13,1,0
BRDA:142,14,0,0
BRDA:142,14,1,0
BRDA:153,15,0,0
BRDA:153,15,1,0
BRDA:170,16,0,0
BRDA:170,16,1,0
BRDA:183,17,0,0
BRDA:183,17,1,0
BRF:41
BRH:9
end_of_record
TN:
SF:middleware\validate.js
FN:2,(anonymous_0)
FN:3,(anonymous_1)
FNF:2
FNH:2
FNDA:2,(anonymous_0)
FNDA:5,(anonymous_1)
DA:2,2
DA:3,2
DA:4,5
DA:5,5
DA:6,3
DA:7,3
LF:6
LH:6
BRDA:2,0,0,2
BRDA:5,1,0,2
BRDA:5,1,1,3
BRF:3
BRH:3
end_of_record
TN:
SF:routes\producto.routes.js
FNF:0
FNH:0
DA:4,2
DA:6,2
DA:7,2
LF:3
LH:3
BRF:0
BRH:0
end_of_record
TN:
SF:routes\seguridad.routes.js
FN:10,(anonymous_0)
FNF:1
FNH:0
FNDA:0,(anonymous_0)
DA:6,2
DA:9,2
DA:10,2
DA:12,0
DA:15,2
DA:18,2
DA:22,2
DA:25,2
LF:8
LH:7
BRF:0
BRH:0
end_of_record
TN:
SF:schemas\persona.schema.js
FN:54,(anonymous_0)
FN:59,(anonymous_1)
FN:82,(anonymous_2)
FN:99,(anonymous_3)
FN:104,(anonymous_4)
FN:110,(anonymous_5)
FN:115,(anonymous_6)
FN:119,(anonymous_7)
FN:124,(anonymous_8)
FNF:9
FNH:4
FNDA:1,(anonymous_0)
FNDA:4,(anonymous_1)
FNDA:2,(anonymous_2)
FNDA:0,(anonymous_3)
FNDA:3,(anonymous_4)
FNDA:0,(anonymous_5)
FNDA:0,(anonymous_6)
FNDA:0,(anonymous_7)
FNDA:0,(anonymous_8)
DA:5,3
DA:54,3
DA:55,1
DA:59,3
DA:60,4
DA:61,4
DA:63,4
DA:64,4
DA:66,4
DA:67,4
DA:70,4
DA:71,4
DA:72,4
DA:73,4
DA:74,4
DA:78,4
DA:82,3
DA:83,2
DA:84,2
DA:85,2
DA:86,0
DA:88,0
DA:89,0
DA:90,0
DA:91,0
DA:93,0
DA:96,3
DA:99,3
DA:101,0
DA:104,3
DA:106,3
DA:110,3
DA:111,0
DA:115,3
DA:116,0
DA:119,3
DA:121,0
DA:124,3
DA:126,0
DA:127,0
DA:129,0
DA:130,0
DA:131,0
DA:133,0
DA:134,0
DA:136,0
DA:137,0
LF:47
LH:28
BRDA:55,0,0,1
BRDA:55,0,1,0
BRDA:55,1,0,1
BRDA:55,1,1,0
BRDA:60,2,0,4
BRDA:60,2,1,0
BRDA:60,3,0,4
BRDA:60,3,1,4
BRDA:63,4,0,4
BRDA:63,4,1,0
BRDA:63,5,0,4
BRDA:63,5,1,4
BRDA:66,6,0,4
BRDA:66,6,1,0
BRDA:66,7,0,4
BRDA:66,7,1,4
BRDA:70,8,0,4
BRDA:70,8,1,0
BRDA:70,9,0,4
BRDA:70,9,1,4
BRDA:73,10,0,4
BRDA:73,10,1,0
BRDA:83,11,0,2
BRDA:83,11,1,0
BRDA:85,12,0,2
BRDA:85,12,1,0
BRDA:88,13,0,0
BRDA:88,13,1,0
BRDA:90,14,0,0
BRDA:90,14,1,0
BRDA:106,15,0,3
BRDA:106,15,1,0
BRDA:111,16,0,0
BRDA:111,16,1,0
BRDA:127,17,0,0
BRDA:127,17,1,0
BRDA:129,18,0,0
BRDA:129,18,1,0
BRDA:130,19,0,0
BRDA:130,19,1,0
BRDA:131,20,0,0
BRDA:131,20,1,0
BRDA:133,21,0,0
BRDA:133,21,1,0
BRDA:134,22,0,0
BRDA:134,22,1,0
BRF:46
BRH:18
end_of_record
TN:
SF:schemas\producto.schema.js
FN:22,(anonymous_0)
FN:27,(anonymous_1)
FN:34,(anonymous_2)
FNF:3
FNH:0
FNDA:0,(anonymous_0)
FNDA:0,(anonymous_1)
FNDA:0,(anonymous_2)
DA:4,2
DA:19,2
DA:22,2
DA:23,0
DA:25,0
DA:26,0
DA:27,0
DA:28,0
DA:31,0
DA:34,2
DA:35,0
LF:11
LH:4
BRDA:25,0,0,0
BRDA:25,0,1,0
BRDA:25,1,0,0
BRDA:25,1,1,0
BRDA:25,1,2,0
BRF:5
BRH:0
end_of_record
TN:
SF:services\product.service.js
FN:3,(anonymous_0)
FN:7,(anonymous_1)
FNF:2
FNH:0
FNDA:0,(anonymous_0)
FNDA:0,(anonymous_1)
DA:3,1
DA:4,0
DA:7,1
DA:8,0
LF:4
LH:2
BRF:0
BRH:0
end_of_record
TN:
SF:services\seguridad.service.js
FN:5,(anonymous_0)
FN:10,(anonymous_1)
FN:15,(anonymous_2)
FN:20,(anonymous_3)
FN:27,(anonymous_4)
FNF:5
FNH:1
FNDA:0,(anonymous_0)
FNDA:3,(anonymous_1)
FNDA:0,(anonymous_2)
FNDA:0,(anonymous_3)
FNDA:0,(anonymous_4)
DA:5,2
DA:6,0
DA:10,2
DA:11,3
DA:15,2
DA:16,0
DA:20,2
DA:23,0
DA:27,2
DA:28,0
LF:10
LH:6
BRF:0
BRH:0
end_of_record
TN:
SF:tests\utils\mongo-memory.js
FN:6,connectInMemory
FN:12,clearDatabase
FN:19,closeInMemory
FNF:3
FNH:3
FNDA:2,connectInMemory
FNDA:7,clearDatabase
FNDA:2,closeInMemory
DA:7,2
DA:8,2
DA:9,2
DA:13,7
DA:14,7
DA:15,14
DA:20,2
DA:21,2
DA:22,2
LF:9
LH:9
BRDA:22,0,0,2
BRDA:22,0,1,0
BRF:2
BRH:1
end_of_record
TN:
SF:utils\constantes.js
FNF:0
FNH:0
DA:1,2
DA:2,2
DA:6,2
DA:7,2
DA:11,2
DA:12,2
LF:6
LH:6
BRF:0
BRH:0
end_of_record
TN:
SF:validators\auth.validator.js
FNF:0
FNH:0
DA:3,2
DA:8,2
LF:2
LH:2
BRF:0
BRH:0
end_of_record
